{"C:\\Users\\maria\\Documents\\Projects\\podcaster-app\\src\\common\\utils\\dates.ts": {"path":"C:\\Users\\maria\\Documents\\Projects\\podcaster-app\\src\\common\\utils\\dates.ts","statementMap":{"0":{"start":{"line":1,"column":32},"end":{"line":11,"column":1}},"1":{"start":{"line":2,"column":4},"end":{"line":2,"column":36}},"2":{"start":{"line":2,"column":23},"end":{"line":2,"column":36}},"3":{"start":{"line":3,"column":4},"end":{"line":10,"column":null}},"4":{"start":{"line":4,"column":20},"end":{"line":4,"column":30}},"5":{"start":{"line":5,"column":31},"end":{"line":5,"column":50}},"6":{"start":{"line":6,"column":4},"end":{"line":6,"column":null}},"7":{"start":{"line":8,"column":8},"end":{"line":8,"column":null}},"8":{"start":{"line":9,"column":8},"end":{"line":9,"column":null}},"9":{"start":{"line":1,"column":13},"end":{"line":1,"column":32}}},"fnMap":{"0":{"name":"(anonymous_0)","decl":{"start":{"line":1,"column":32},"end":{"line":1,"column":33}},"loc":{"start":{"line":1,"column":50},"end":{"line":11,"column":1}}}},"branchMap":{"0":{"loc":{"start":{"line":2,"column":4},"end":{"line":2,"column":36}},"type":"if","locations":[{"start":{"line":2,"column":4},"end":{"line":2,"column":36}}]}},"s":{"0":2,"1":3,"2":1,"3":2,"4":2,"5":2,"6":2,"7":0,"8":0,"9":2},"f":{"0":3},"b":{"0":[1]}}
,"C:\\Users\\maria\\Documents\\Projects\\podcaster-app\\src\\common\\utils\\querys.ts": {"path":"C:\\Users\\maria\\Documents\\Projects\\podcaster-app\\src\\common\\utils\\querys.ts","statementMap":{"0":{"start":{"line":1,"column":30},"end":{"line":9,"column":null}},"1":{"start":{"line":1,"column":49},"end":{"line":1,"column":null}},"2":{"start":{"line":2,"column":4},"end":{"line":2,"column":62}},"3":{"start":{"line":3,"column":8},"end":{"line":5,"column":6}},"4":{"start":{"line":6,"column":21},"end":{"line":6,"column":null}},"5":{"start":{"line":6,"column":10},"end":{"line":6,"column":null}},"6":{"start":{"line":7,"column":18},"end":{"line":7,"column":null}},"7":{"start":{"line":7,"column":10},"end":{"line":7,"column":null}},"8":{"start":{"line":8,"column":4},"end":{"line":8,"column":16}},"9":{"start":{"line":1,"column":13},"end":{"line":1,"column":30}}},"fnMap":{"0":{"name":"(anonymous_13)","decl":{"start":{"line":1,"column":30},"end":{"line":1,"column":36}},"loc":{"start":{"line":1,"column":82},"end":{"line":9,"column":null}}}},"branchMap":{"0":{"loc":{"start":{"line":1,"column":49},"end":{"line":1,"column":null}},"type":"if","locations":[{"start":{"line":1,"column":49},"end":{"line":1,"column":null}}]}},"s":{"0":1,"1":4,"2":2,"3":2,"4":2,"5":2,"6":2,"7":2,"8":2,"9":1},"f":{"0":2},"b":{"0":[2]}}
,"C:\\Users\\maria\\Documents\\Projects\\podcaster-app\\src\\top_podcasts\\mocks.ts": {"path":"C:\\Users\\maria\\Documents\\Projects\\podcaster-app\\src\\top_podcasts\\mocks.ts","statementMap":{"0":{"start":{"line":3,"column":13},"end":{"line":7809,"column":null}},"1":{"start":{"line":7810,"column":13},"end":{"line":15592,"column":null}}},"fnMap":{},"branchMap":{},"s":{"0":1,"1":1},"f":{},"b":{}}
,"C:\\Users\\maria\\Documents\\Projects\\podcaster-app\\src\\top_podcasts\\constants\\index.ts": {"path":"C:\\Users\\maria\\Documents\\Projects\\podcaster-app\\src\\top_podcasts\\constants\\index.ts","statementMap":{"0":{"start":{"line":1,"column":13},"end":{"line":1,"column":null}}},"fnMap":{},"branchMap":{},"s":{"0":1},"f":{},"b":{}}
,"C:\\Users\\maria\\Documents\\Projects\\podcaster-app\\src\\top_podcasts\\services\\index.ts": {"path":"C:\\Users\\maria\\Documents\\Projects\\podcaster-app\\src\\top_podcasts\\services\\index.ts","statementMap":{"0":{"start":{"line":1,"column":0},"end":{"line":1,"column":54}},"1":{"start":{"line":2,"column":0},"end":{"line":2,"column":53}},"2":{"start":{"line":3,"column":0},"end":{"line":3,"column":63}},"3":{"start":{"line":6,"column":35},"end":{"line":15,"column":null}},"4":{"start":{"line":6,"column":41},"end":{"line":6,"column":61}},"5":{"start":{"line":6,"column":61},"end":{"line":6,"column":null}},"6":{"start":{"line":7,"column":10},"end":{"line":7,"column":86}},"7":{"start":{"line":9,"column":32},"end":{"line":9,"column":null}},"8":{"start":{"line":9,"column":14},"end":{"line":9,"column":null}},"9":{"start":{"line":10,"column":8},"end":{"line":10,"column":31}},"10":{"start":{"line":12,"column":8},"end":{"line":12,"column":null}},"11":{"start":{"line":13,"column":8},"end":{"line":13,"column":null}},"12":{"start":{"line":6,"column":13},"end":{"line":6,"column":35}},"13":{"start":{"line":17,"column":39},"end":{"line":22,"column":1}},"14":{"start":{"line":18,"column":26},"end":{"line":18,"column":69}},"15":{"start":{"line":19,"column":4},"end":{"line":19,"column":null}},"16":{"start":{"line":19,"column":23},"end":{"line":19,"column":null}},"17":{"start":{"line":20,"column":74},"end":{"line":20,"column":99}},"18":{"start":{"line":20,"column":20},"end":{"line":20,"column":22}},"19":{"start":{"line":20,"column":30},"end":{"line":20,"column":74}},"20":{"start":{"line":21,"column":4},"end":{"line":21,"column":null}},"21":{"start":{"line":17,"column":13},"end":{"line":17,"column":39}},"22":{"start":{"line":24,"column":40},"end":{"line":29,"column":1}},"23":{"start":{"line":25,"column":4},"end":{"line":28,"column":null}},"24":{"start":{"line":24,"column":13},"end":{"line":24,"column":40}},"25":{"start":{"line":31,"column":33},"end":{"line":40,"column":null}},"26":{"start":{"line":31,"column":39},"end":{"line":31,"column":59}},"27":{"start":{"line":31,"column":59},"end":{"line":31,"column":null}},"28":{"start":{"line":32,"column":10},"end":{"line":32,"column":52}},"29":{"start":{"line":33,"column":8},"end":{"line":33,"column":21}},"30":{"start":{"line":34,"column":8},"end":{"line":34,"column":null}},"31":{"start":{"line":36,"column":25},"end":{"line":36,"column":null}},"32":{"start":{"line":36,"column":14},"end":{"line":36,"column":null}},"33":{"start":{"line":37,"column":8},"end":{"line":37,"column":null}},"34":{"start":{"line":38,"column":8},"end":{"line":38,"column":null}},"35":{"start":{"line":31,"column":13},"end":{"line":31,"column":33}}},"fnMap":{"0":{"name":"(anonymous_13)","decl":{"start":{"line":6,"column":35},"end":{"line":6,"column":41}},"loc":{"start":{"line":6,"column":80},"end":{"line":15,"column":null}}},"1":{"name":"(anonymous_16)","decl":{"start":{"line":17,"column":39},"end":{"line":17,"column":null}},"loc":{"start":{"line":17,"column":39},"end":{"line":22,"column":1}}},"2":{"name":"(anonymous_17)","decl":{"start":{"line":24,"column":40},"end":{"line":24,"column":41}},"loc":{"start":{"line":24,"column":58},"end":{"line":29,"column":1}}},"3":{"name":"(anonymous_18)","decl":{"start":{"line":31,"column":33},"end":{"line":31,"column":39}},"loc":{"start":{"line":31,"column":78},"end":{"line":40,"column":null}}}},"branchMap":{"0":{"loc":{"start":{"line":6,"column":41},"end":{"line":6,"column":61}},"type":"if","locations":[{"start":{"line":6,"column":41},"end":{"line":6,"column":61}}]},"1":{"loc":{"start":{"line":6,"column":61},"end":{"line":6,"column":null}},"type":"if","locations":[{"start":{"line":6,"column":61},"end":{"line":6,"column":null}}]},"2":{"loc":{"start":{"line":19,"column":4},"end":{"line":19,"column":null}},"type":"if","locations":[{"start":{"line":19,"column":4},"end":{"line":19,"column":null}}]},"3":{"loc":{"start":{"line":31,"column":39},"end":{"line":31,"column":59}},"type":"if","locations":[{"start":{"line":31,"column":39},"end":{"line":31,"column":59}}]},"4":{"loc":{"start":{"line":31,"column":59},"end":{"line":31,"column":null}},"type":"if","locations":[{"start":{"line":31,"column":59},"end":{"line":31,"column":null}}]},"5":{"loc":{"start":{"line":36,"column":25},"end":{"line":36,"column":null}},"type":"switch","locations":[{"start":{"line":36,"column":25},"end":{"line":36,"column":null}}]},"6":{"loc":{"start":{"line":33,"column":8},"end":{"line":33,"column":21}},"type":"if","locations":[{"start":{"line":33,"column":8},"end":{"line":33,"column":21}}]},"7":{"loc":{"start":{"line":33,"column":8},"end":{"line":33,"column":67}},"type":"binary-expr","locations":[{"start":{"line":33,"column":8},"end":{"line":33,"column":21}},{"start":{"line":33,"column":25},"end":{"line":33,"column":67}}]}},"s":{"0":1,"1":1,"2":1,"3":1,"4":2,"5":2,"6":2,"7":2,"8":2,"9":2,"10":0,"11":0,"12":1,"13":1,"14":1,"15":1,"16":1,"17":0,"18":0,"19":0,"20":0,"21":1,"22":1,"23":1,"24":1,"25":1,"26":4,"27":4,"28":2,"29":4,"30":0,"31":2,"32":2,"33":2,"34":2,"35":1},"f":{"0":2,"1":1,"2":1,"3":2},"b":{"0":[0],"1":[0],"2":[1],"3":[2],"4":[2],"5":[2],"6":[2],"7":[2,0]}}
}
