TN:
SF:src\common\utils\dates.ts
FN:1,(anonymous_0)
FNF:1
FNH:1
FNDA:3,(anonymous_0)
DA:1,2
DA:2,3
DA:3,2
DA:4,2
DA:5,2
DA:6,2
DA:8,0
DA:9,0
LF:8
LH:6
BRDA:2,0,0,1
BRF:1
BRH:1
end_of_record
TN:
SF:src\common\utils\querys.ts
FN:1,(anonymous_13)
FNF:1
FNH:1
FNDA:2,(anonymous_13)
DA:1,4
DA:2,2
DA:3,2
DA:6,2
DA:7,2
DA:8,2
LF:6
LH:6
BRDA:1,0,0,2
BRF:1
BRH:1
end_of_record
TN:
SF:src\top_podcasts\mocks.ts
FNF:0
FNH:0
DA:3,1
DA:7810,1
LF:2
LH:2
BRF:0
BRH:0
end_of_record
TN:
SF:src\top_podcasts\constants\index.ts
FNF:0
FNH:0
DA:1,1
LF:1
LH:1
BRF:0
BRH:0
end_of_record
TN:
SF:src\top_podcasts\services\index.ts
FN:6,(anonymous_13)
FN:17,(anonymous_16)
FN:24,(anonymous_17)
FN:31,(anonymous_18)
FNF:4
FNH:4
FNDA:2,(anonymous_13)
FNDA:1,(anonymous_16)
FNDA:1,(anonymous_17)
FNDA:2,(anonymous_18)
DA:1,1
DA:2,1
DA:3,1
DA:6,2
DA:7,2
DA:9,2
DA:10,2
DA:12,0
DA:13,0
DA:17,1
DA:18,1
DA:19,1
DA:20,0
DA:21,0
DA:24,1
DA:25,1
DA:31,4
DA:32,2
DA:33,4
DA:34,0
DA:36,2
DA:37,2
DA:38,2
LF:23
LH:18
BRDA:6,0,0,0
BRDA:6,1,0,0
BRDA:19,2,0,1
BRDA:31,3,0,2
BRDA:31,4,0,2
BRDA:36,5,0,2
BRDA:33,6,0,2
BRDA:33,7,0,2
BRDA:33,7,1,0
BRF:9
BRH:6
end_of_record
